# Logfile created on 2014-01-30 11:50:21 +0530 by logger.rb/31641
I, [2014-01-30T11:50:21.368711 #47220]  INFO -- : 0:  rake (10.1.1) from /Users/agupta13/.rvm/gems/ruby-1.9.3-p484/specifications/rake-10.1.1.gemspec
I, [2014-01-30T11:50:21.369200 #47220]  INFO -- : 0:  i18n (0.6.9) from /Users/agupta13/.rvm/gems/ruby-1.9.3-p484/specifications/i18n-0.6.9.gemspec
I, [2014-01-30T11:50:25.327873 #47220]  INFO -- : 0:  multi_json (1.8.4) from /Users/agupta13/.rvm/gems/ruby-1.9.3-p484/specifications/multi_json-1.8.4.gemspec
I, [2014-01-30T11:50:25.328510 #47220]  INFO -- : 0:  activesupport (3.2.16) from /Users/agupta13/.rvm/gems/ruby-1.9.3-p484/specifications/activesupport-3.2.16.gemspec
I, [2014-01-30T11:50:28.187815 #47220]  INFO -- : 0:  builder (3.0.4) from /Users/agupta13/.rvm/gems/ruby-1.9.3-p484/specifications/builder-3.0.4.gemspec
I, [2014-01-30T11:50:31.826548 #47220]  INFO -- : 0:  activemodel (3.2.16) from /Users/agupta13/.rvm/gems/ruby-1.9.3-p484/specifications/activemodel-3.2.16.gemspec
I, [2014-01-30T11:50:35.467999 #47220]  INFO -- : 0:  arel (3.0.3) from /Users/agupta13/.rvm/gems/ruby-1.9.3-p484/specifications/arel-3.0.3.gemspec
I, [2014-01-30T11:50:35.468503 #47220]  INFO -- : 0:  tzinfo (0.3.38) from /Users/agupta13/.rvm/gems/ruby-1.9.3-p484/specifications/tzinfo-0.3.38.gemspec
I, [2014-01-30T11:50:40.219340 #47220]  INFO -- : 0:  activerecord (3.2.16) from /Users/agupta13/.rvm/gems/ruby-1.9.3-p484/specifications/activerecord-3.2.16.gemspec
I, [2014-01-30T11:50:40.219749 #47220]  INFO -- : 0:  bundler (1.5.1) from /Users/agupta13/.rvm/gems/ruby-1.9.3-p484/specifications/bundler-1.5.1.gemspec
I, [2014-01-30T11:50:42.819278 #47220]  INFO -- : 0:  daemons (1.1.9) from /Users/agupta13/.rvm/gems/ruby-1.9.3-p484/specifications/daemons-1.1.9.gemspec
I, [2014-01-30T11:50:54.813234 #47220]  INFO -- : 0:  eventmachine (1.0.3) from /Users/agupta13/.rvm/gems/ruby-1.9.3-p484/specifications/eventmachine-1.0.3.gemspec
I, [2014-01-30T11:50:54.813804 #47220]  INFO -- : 0:  rack (1.5.2) from /Users/agupta13/.rvm/gems/ruby-1.9.3-p484/specifications/rack-1.5.2.gemspec
I, [2014-01-30T11:50:54.814117 #47220]  INFO -- : 0:  url_mount (0.2.1) from /Users/agupta13/.rvm/gems/ruby-1.9.3-p484/specifications/url_mount-0.2.1.gemspec
I, [2014-01-30T11:50:54.814415 #47220]  INFO -- : 0:  http_router (0.11.0) from /Users/agupta13/.rvm/gems/ruby-1.9.3-p484/specifications/http_router-0.11.0.gemspec
I, [2014-01-30T11:50:54.814708 #47220]  INFO -- : 0:  mime-types (1.25.1) from /Users/agupta13/.rvm/gems/ruby-1.9.3-p484/specifications/mime-types-1.25.1.gemspec
I, [2014-01-30T11:50:54.815002 #47220]  INFO -- : 0:  polyglot (0.3.3) from /Users/agupta13/.rvm/gems/ruby-1.9.3-p484/specifications/polyglot-0.3.3.gemspec
I, [2014-01-30T11:50:54.815293 #47220]  INFO -- : 0:  treetop (1.4.15) from /Users/agupta13/.rvm/gems/ruby-1.9.3-p484/specifications/treetop-1.4.15.gemspec
I, [2014-01-30T11:50:54.815592 #47220]  INFO -- : 0:  mail (2.5.4) from /Users/agupta13/.rvm/gems/ruby-1.9.3-p484/specifications/mail-2.5.4.gemspec
I, [2014-01-30T11:50:59.589334 #47220]  INFO -- : 0:  mysql2 (0.3.15) from /Users/agupta13/.rvm/gems/ruby-1.9.3-p484/specifications/mysql2-0.3.15.gemspec
I, [2014-01-30T11:51:03.044263 #47220]  INFO -- : 0:  rack-protection (1.5.2) from /Users/agupta13/.rvm/gems/ruby-1.9.3-p484/specifications/rack-protection-1.5.2.gemspec
I, [2014-01-30T11:51:03.044741 #47220]  INFO -- : 0:  tilt (1.4.1) from /Users/agupta13/.rvm/gems/ruby-1.9.3-p484/specifications/tilt-1.4.1.gemspec
I, [2014-01-30T11:51:03.045041 #47220]  INFO -- : 0:  sinatra (1.4.4) from /Users/agupta13/.rvm/gems/ruby-1.9.3-p484/specifications/sinatra-1.4.4.gemspec
I, [2014-01-30T11:51:03.045329 #47220]  INFO -- : 0:  thor (0.17.0) from /Users/agupta13/.rvm/gems/ruby-1.9.3-p484/specifications/thor-0.17.0.gemspec
I, [2014-01-30T11:51:03.045618 #47220]  INFO -- : 0:  padrino-core (0.11.4) from /Users/agupta13/.rvm/gems/ruby-1.9.3-p484/specifications/padrino-core-0.11.4.gemspec
I, [2014-01-30T11:51:03.045901 #47220]  INFO -- : 0:  padrino-helpers (0.11.4) from /Users/agupta13/.rvm/gems/ruby-1.9.3-p484/specifications/padrino-helpers-0.11.4.gemspec
I, [2014-01-30T11:51:03.046341 #47220]  INFO -- : 0:  padrino-admin (0.11.4) from /Users/agupta13/.rvm/gems/ruby-1.9.3-p484/specifications/padrino-admin-0.11.4.gemspec
I, [2014-01-30T11:51:03.046816 #47220]  INFO -- : 0:  padrino-cache (0.11.4) from /Users/agupta13/.rvm/gems/ruby-1.9.3-p484/specifications/padrino-cache-0.11.4.gemspec
I, [2014-01-30T11:51:03.047310 #47220]  INFO -- : 0:  padrino-gen (0.11.4) from /Users/agupta13/.rvm/gems/ruby-1.9.3-p484/specifications/padrino-gen-0.11.4.gemspec
I, [2014-01-30T11:51:03.047781 #47220]  INFO -- : 0:  padrino-mailer (0.11.4) from /Users/agupta13/.rvm/gems/ruby-1.9.3-p484/specifications/padrino-mailer-0.11.4.gemspec
I, [2014-01-30T11:51:03.048268 #47220]  INFO -- : 0:  padrino (0.11.4) from /Users/agupta13/.rvm/gems/ruby-1.9.3-p484/specifications/padrino-0.11.4.gemspec
I, [2014-01-30T11:51:03.048752 #47220]  INFO -- : 0:  rest-client (1.6.7) from /Users/agupta13/.rvm/gems/ruby-1.9.3-p484/specifications/rest-client-1.6.7.gemspec
I, [2014-01-30T11:51:06.868982 #47220]  INFO -- : 0:  temple (0.6.7) from /Users/agupta13/.rvm/gems/ruby-1.9.3-p484/specifications/temple-0.6.7.gemspec
I, [2014-01-30T11:51:10.816374 #47220]  INFO -- : 0:  slim (2.0.2) from /Users/agupta13/.rvm/gems/ruby-1.9.3-p484/specifications/slim-2.0.2.gemspec
I, [2014-01-30T11:51:18.628636 #47220]  INFO -- : 0:  state_machine (1.2.0) from /Users/agupta13/.rvm/gems/ruby-1.9.3-p484/specifications/state_machine-1.2.0.gemspec
I, [2014-01-30T11:51:23.424538 #47220]  INFO -- : 0:  thin (1.6.1) from /Users/agupta13/.rvm/gems/ruby-1.9.3-p484/specifications/thin-1.6.1.gemspec
I, [2014-01-30T11:51:29.145475 #47220]  INFO -- : 0:  yajl-ruby (1.1.0) from /Users/agupta13/.rvm/gems/ruby-1.9.3-p484/specifications/yajl-ruby-1.1.0.gemspec
I, [2014-01-30T14:43:14.888693 #54244]  INFO -- : 0:  rake (10.1.1) from /Users/agupta13/.rvm/gems/ruby-1.9.3-p484/specifications/rake-10.1.1.gemspec
I, [2014-01-30T14:43:14.889162 #54244]  INFO -- : 0:  i18n (0.6.9) from /Users/agupta13/.rvm/gems/ruby-1.9.3-p484/specifications/i18n-0.6.9.gemspec
I, [2014-01-30T14:43:14.889465 #54244]  INFO -- : 0:  multi_json (1.8.4) from /Users/agupta13/.rvm/gems/ruby-1.9.3-p484/specifications/multi_json-1.8.4.gemspec
I, [2014-01-30T14:43:14.889747 #54244]  INFO -- : 0:  activesupport (3.2.16) from /Users/agupta13/.rvm/gems/ruby-1.9.3-p484/specifications/activesupport-3.2.16.gemspec
I, [2014-01-30T14:43:14.890030 #54244]  INFO -- : 0:  builder (3.0.4) from /Users/agupta13/.rvm/gems/ruby-1.9.3-p484/specifications/builder-3.0.4.gemspec
I, [2014-01-30T14:43:14.890308 #54244]  INFO -- : 0:  activemodel (3.2.16) from /Users/agupta13/.rvm/gems/ruby-1.9.3-p484/specifications/activemodel-3.2.16.gemspec
I, [2014-01-30T14:43:14.890582 #54244]  INFO -- : 0:  arel (3.0.3) from /Users/agupta13/.rvm/gems/ruby-1.9.3-p484/specifications/arel-3.0.3.gemspec
I, [2014-01-30T14:43:14.890858 #54244]  INFO -- : 0:  tzinfo (0.3.38) from /Users/agupta13/.rvm/gems/ruby-1.9.3-p484/specifications/tzinfo-0.3.38.gemspec
I, [2014-01-30T14:43:14.891139 #54244]  INFO -- : 0:  activerecord (3.2.16) from /Users/agupta13/.rvm/gems/ruby-1.9.3-p484/specifications/activerecord-3.2.16.gemspec
I, [2014-01-30T14:43:19.063917 #54244]  INFO -- : 0:  bson (1.9.2) from /Users/agupta13/.rvm/gems/ruby-1.9.3-p484/specifications/bson-1.9.2.gemspec
I, [2014-01-30T14:43:19.064335 #54244]  INFO -- : 0:  bundler (1.5.1) from /Users/agupta13/.rvm/gems/ruby-1.9.3-p484/specifications/bundler-1.5.1.gemspec
I, [2014-01-30T14:43:19.064647 #54244]  INFO -- : 0:  daemons (1.1.9) from /Users/agupta13/.rvm/gems/ruby-1.9.3-p484/specifications/daemons-1.1.9.gemspec
I, [2014-01-30T14:43:19.064965 #54244]  INFO -- : 0:  eventmachine (1.0.3) from /Users/agupta13/.rvm/gems/ruby-1.9.3-p484/specifications/eventmachine-1.0.3.gemspec
I, [2014-01-30T14:43:19.065259 #54244]  INFO -- : 0:  rack (1.5.2) from /Users/agupta13/.rvm/gems/ruby-1.9.3-p484/specifications/rack-1.5.2.gemspec
I, [2014-01-30T14:43:19.065573 #54244]  INFO -- : 0:  url_mount (0.2.1) from /Users/agupta13/.rvm/gems/ruby-1.9.3-p484/specifications/url_mount-0.2.1.gemspec
I, [2014-01-30T14:43:19.066072 #54244]  INFO -- : 0:  http_router (0.11.0) from /Users/agupta13/.rvm/gems/ruby-1.9.3-p484/specifications/http_router-0.11.0.gemspec
I, [2014-01-30T14:43:19.066572 #54244]  INFO -- : 0:  mime-types (1.25.1) from /Users/agupta13/.rvm/gems/ruby-1.9.3-p484/specifications/mime-types-1.25.1.gemspec
I, [2014-01-30T14:43:19.067084 #54244]  INFO -- : 0:  polyglot (0.3.3) from /Users/agupta13/.rvm/gems/ruby-1.9.3-p484/specifications/polyglot-0.3.3.gemspec
I, [2014-01-30T14:43:19.067441 #54244]  INFO -- : 0:  treetop (1.4.15) from /Users/agupta13/.rvm/gems/ruby-1.9.3-p484/specifications/treetop-1.4.15.gemspec
I, [2014-01-30T14:43:19.067792 #54244]  INFO -- : 0:  mail (2.5.4) from /Users/agupta13/.rvm/gems/ruby-1.9.3-p484/specifications/mail-2.5.4.gemspec
I, [2014-01-30T14:43:23.628111 #54244]  INFO -- : 0:  mongo (1.9.2) from /Users/agupta13/.rvm/gems/ruby-1.9.3-p484/specifications/mongo-1.9.2.gemspec
I, [2014-01-30T14:43:23.628649 #54244]  INFO -- : 0:  mysql2 (0.3.15) from /Users/agupta13/.rvm/gems/ruby-1.9.3-p484/specifications/mysql2-0.3.15.gemspec
I, [2014-01-30T14:43:23.628947 #54244]  INFO -- : 0:  rack-protection (1.5.2) from /Users/agupta13/.rvm/gems/ruby-1.9.3-p484/specifications/rack-protection-1.5.2.gemspec
I, [2014-01-30T14:43:23.629224 #54244]  INFO -- : 0:  tilt (1.4.1) from /Users/agupta13/.rvm/gems/ruby-1.9.3-p484/specifications/tilt-1.4.1.gemspec
I, [2014-01-30T14:43:23.629498 #54244]  INFO -- : 0:  sinatra (1.4.4) from /Users/agupta13/.rvm/gems/ruby-1.9.3-p484/specifications/sinatra-1.4.4.gemspec
I, [2014-01-30T14:43:23.629770 #54244]  INFO -- : 0:  thor (0.17.0) from /Users/agupta13/.rvm/gems/ruby-1.9.3-p484/specifications/thor-0.17.0.gemspec
I, [2014-01-30T14:43:23.630040 #54244]  INFO -- : 0:  padrino-core (0.11.4) from /Users/agupta13/.rvm/gems/ruby-1.9.3-p484/specifications/padrino-core-0.11.4.gemspec
I, [2014-01-30T14:43:23.630311 #54244]  INFO -- : 0:  padrino-helpers (0.11.4) from /Users/agupta13/.rvm/gems/ruby-1.9.3-p484/specifications/padrino-helpers-0.11.4.gemspec
I, [2014-01-30T14:43:23.630581 #54244]  INFO -- : 0:  padrino-admin (0.11.4) from /Users/agupta13/.rvm/gems/ruby-1.9.3-p484/specifications/padrino-admin-0.11.4.gemspec
I, [2014-01-30T14:43:23.630851 #54244]  INFO -- : 0:  padrino-cache (0.11.4) from /Users/agupta13/.rvm/gems/ruby-1.9.3-p484/specifications/padrino-cache-0.11.4.gemspec
I, [2014-01-30T14:43:23.631120 #54244]  INFO -- : 0:  padrino-gen (0.11.4) from /Users/agupta13/.rvm/gems/ruby-1.9.3-p484/specifications/padrino-gen-0.11.4.gemspec
I, [2014-01-30T14:43:23.631389 #54244]  INFO -- : 0:  padrino-mailer (0.11.4) from /Users/agupta13/.rvm/gems/ruby-1.9.3-p484/specifications/padrino-mailer-0.11.4.gemspec
I, [2014-01-30T14:43:23.631653 #54244]  INFO -- : 0:  padrino (0.11.4) from /Users/agupta13/.rvm/gems/ruby-1.9.3-p484/specifications/padrino-0.11.4.gemspec
I, [2014-01-30T14:43:23.631918 #54244]  INFO -- : 0:  rest-client (1.6.7) from /Users/agupta13/.rvm/gems/ruby-1.9.3-p484/specifications/rest-client-1.6.7.gemspec
I, [2014-01-30T14:43:23.632182 #54244]  INFO -- : 0:  temple (0.6.7) from /Users/agupta13/.rvm/gems/ruby-1.9.3-p484/specifications/temple-0.6.7.gemspec
I, [2014-01-30T14:43:23.632446 #54244]  INFO -- : 0:  slim (2.0.2) from /Users/agupta13/.rvm/gems/ruby-1.9.3-p484/specifications/slim-2.0.2.gemspec
I, [2014-01-30T14:43:23.632713 #54244]  INFO -- : 0:  state_machine (1.2.0) from /Users/agupta13/.rvm/gems/ruby-1.9.3-p484/specifications/state_machine-1.2.0.gemspec
I, [2014-01-30T14:43:23.632977 #54244]  INFO -- : 0:  thin (1.6.1) from /Users/agupta13/.rvm/gems/ruby-1.9.3-p484/specifications/thin-1.6.1.gemspec
I, [2014-01-30T14:43:23.633243 #54244]  INFO -- : 0:  yajl-ruby (1.1.0) from /Users/agupta13/.rvm/gems/ruby-1.9.3-p484/specifications/yajl-ruby-1.1.0.gemspec
I, [2014-01-30T14:58:02.204038 #54336]  INFO -- : 0:  rake (10.1.1) from /Users/agupta13/.rvm/gems/ruby-1.9.3-p484/specifications/rake-10.1.1.gemspec
I, [2014-01-30T14:58:02.204449 #54336]  INFO -- : 0:  i18n (0.6.9) from /Users/agupta13/.rvm/gems/ruby-1.9.3-p484/specifications/i18n-0.6.9.gemspec
I, [2014-01-30T14:58:02.204751 #54336]  INFO -- : 0:  multi_json (1.8.4) from /Users/agupta13/.rvm/gems/ruby-1.9.3-p484/specifications/multi_json-1.8.4.gemspec
I, [2014-01-30T14:58:02.205027 #54336]  INFO -- : 0:  activesupport (3.2.16) from /Users/agupta13/.rvm/gems/ruby-1.9.3-p484/specifications/activesupport-3.2.16.gemspec
I, [2014-01-30T14:58:02.205299 #54336]  INFO -- : 0:  builder (3.0.4) from /Users/agupta13/.rvm/gems/ruby-1.9.3-p484/specifications/builder-3.0.4.gemspec
I, [2014-01-30T14:58:02.205570 #54336]  INFO -- : 0:  activemodel (3.2.16) from /Users/agupta13/.rvm/gems/ruby-1.9.3-p484/specifications/activemodel-3.2.16.gemspec
I, [2014-01-30T14:58:02.206126 #54336]  INFO -- : 0:  arel (3.0.3) from /Users/agupta13/.rvm/gems/ruby-1.9.3-p484/specifications/arel-3.0.3.gemspec
I, [2014-01-30T14:58:02.206387 #54336]  INFO -- : 0:  tzinfo (0.3.38) from /Users/agupta13/.rvm/gems/ruby-1.9.3-p484/specifications/tzinfo-0.3.38.gemspec
I, [2014-01-30T14:58:02.206649 #54336]  INFO -- : 0:  activerecord (3.2.16) from /Users/agupta13/.rvm/gems/ruby-1.9.3-p484/specifications/activerecord-3.2.16.gemspec
I, [2014-01-30T14:58:02.206907 #54336]  INFO -- : 0:  bson (1.9.2) from /Users/agupta13/.rvm/gems/ruby-1.9.3-p484/specifications/bson-1.9.2.gemspec
E, [2014-01-30T14:59:20.064639 #54336] ERROR -- : Gem::RemoteFetcher::FetchError: Errno::ETIMEDOUT: Operation timed out - connect(2) (https://rubygems.org/gems/bson_ext-1.9.2.gem)
/Users/agupta13/.rvm/rubies/ruby-1.9.3-p484/lib/ruby/1.9.1/rubygems/remote_fetcher.rb:246:in `rescue in fetch_path'  \n/Users/agupta13/.rvm/rubies/ruby-1.9.3-p484/lib/ruby/1.9.1/rubygems/remote_fetcher.rb:232:in `fetch_path'  \n/Users/agupta13/.rvm/rubies/ruby-1.9.3-p484/lib/ruby/1.9.1/rubygems/remote_fetcher.rb:135:in `download'  \n/Users/agupta13/.rvm/gems/ruby-1.9.3-p484/gems/bundler-1.5.1/lib/bundler/rubygems_integration.rb:190:in `download_gem'  \n/Users/agupta13/.rvm/gems/ruby-1.9.3-p484/gems/bundler-1.5.1/lib/bundler/fetcher.rb:41:in `download_gem_from_uri'  \n/Users/agupta13/.rvm/gems/ruby-1.9.3-p484/gems/bundler-1.5.1/lib/bundler/source/rubygems.rb:78:in `install'  \n/Users/agupta13/.rvm/gems/ruby-1.9.3-p484/gems/bundler-1.5.1/lib/bundler/installer.rb:111:in `block in install_gem_from_spec'  \n/Users/agupta13/.rvm/gems/ruby-1.9.3-p484/gems/bundler-1.5.1/lib/bundler/rubygems_integration.rb:150:in `with_build_args'  \n/Users/agupta13/.rvm/gems/ruby-1.9.3-p484/gems/bundler-1.5.1/lib/bundler/installer.rb:110:in `install_gem_from_spec'  \n/Users/agupta13/.rvm/gems/ruby-1.9.3-p484/gems/bundler-1.5.1/lib/bundler/installer.rb:295:in `block in install_sequentially'  \n/Users/agupta13/.rvm/rubies/ruby-1.9.3-p484/lib/ruby/1.9.1/forwardable.rb:201:in `each'  \n/Users/agupta13/.rvm/rubies/ruby-1.9.3-p484/lib/ruby/1.9.1/forwardable.rb:201:in `each'  \n/Users/agupta13/.rvm/gems/ruby-1.9.3-p484/gems/bundler-1.5.1/lib/bundler/installer.rb:294:in `install_sequentially'  \n/Users/agupta13/.rvm/gems/ruby-1.9.3-p484/gems/bundler-1.5.1/lib/bundler/installer.rb:97:in `run'  \n/Users/agupta13/.rvm/gems/ruby-1.9.3-p484/gems/bundler-1.5.1/lib/bundler/installer.rb:15:in `install'  \n/Users/agupta13/.rvm/gems/ruby-1.9.3-p484/gems/bundler-1.5.1/lib/bundler/cli.rb:257:in `install'  \n/Users/agupta13/.rvm/gems/ruby-1.9.3-p484/gems/bundler-1.5.1/lib/bundler/vendor/thor/command.rb:27:in `run'  \n/Users/agupta13/.rvm/gems/ruby-1.9.3-p484/gems/bundler-1.5.1/lib/bundler/vendor/thor/invocation.rb:120:in `invoke_command'  \n/Users/agupta13/.rvm/gems/ruby-1.9.3-p484/gems/bundler-1.5.1/lib/bundler/vendor/thor.rb:363:in `dispatch'  \n/Users/agupta13/.rvm/gems/ruby-1.9.3-p484/gems/bundler-1.5.1/lib/bundler/vendor/thor/base.rb:438:in `start'  \n/Users/agupta13/.rvm/gems/ruby-1.9.3-p484/gems/bundler-1.5.1/lib/bundler/cli.rb:10:in `start'  \n/Users/agupta13/.rvm/gems/ruby-1.9.3-p484/gems/bundler-1.5.1/bin/bundle:22:in `block in <top (required)>'  \n/Users/agupta13/.rvm/gems/ruby-1.9.3-p484/gems/bundler-1.5.1/lib/bundler/friendly_errors.rb:5:in `with_friendly_errors'  \n/Users/agupta13/.rvm/gems/ruby-1.9.3-p484/gems/bundler-1.5.1/bin/bundle:22:in `<top (required)>'  \n/Users/agupta13/.rvm/gems/ruby-1.9.3-p484/bin/bundle:19:in `load'  \n/Users/agupta13/.rvm/gems/ruby-1.9.3-p484/bin/bundle:19:in `<main>'  \n/Users/agupta13/.rvm/gems/ruby-1.9.3-p484/bin/ruby_executable_hooks:15:in `eval'  \n/Users/agupta13/.rvm/gems/ruby-1.9.3-p484/bin/ruby_executable_hooks:15:in `<main>'
I, [2014-01-30T15:00:02.887838 #54349]  INFO -- : 0:  rake (10.1.1) from /Users/agupta13/.rvm/gems/ruby-1.9.3-p484/specifications/rake-10.1.1.gemspec
I, [2014-01-30T15:00:02.888257 #54349]  INFO -- : 0:  i18n (0.6.9) from /Users/agupta13/.rvm/gems/ruby-1.9.3-p484/specifications/i18n-0.6.9.gemspec
I, [2014-01-30T15:00:02.888545 #54349]  INFO -- : 0:  multi_json (1.8.4) from /Users/agupta13/.rvm/gems/ruby-1.9.3-p484/specifications/multi_json-1.8.4.gemspec
I, [2014-01-30T15:00:02.888818 #54349]  INFO -- : 0:  activesupport (3.2.16) from /Users/agupta13/.rvm/gems/ruby-1.9.3-p484/specifications/activesupport-3.2.16.gemspec
I, [2014-01-30T15:00:02.889090 #54349]  INFO -- : 0:  builder (3.0.4) from /Users/agupta13/.rvm/gems/ruby-1.9.3-p484/specifications/builder-3.0.4.gemspec
I, [2014-01-30T15:00:02.889358 #54349]  INFO -- : 0:  activemodel (3.2.16) from /Users/agupta13/.rvm/gems/ruby-1.9.3-p484/specifications/activemodel-3.2.16.gemspec
I, [2014-01-30T15:00:02.889624 #54349]  INFO -- : 0:  arel (3.0.3) from /Users/agupta13/.rvm/gems/ruby-1.9.3-p484/specifications/arel-3.0.3.gemspec
I, [2014-01-30T15:00:02.889887 #54349]  INFO -- : 0:  tzinfo (0.3.38) from /Users/agupta13/.rvm/gems/ruby-1.9.3-p484/specifications/tzinfo-0.3.38.gemspec
I, [2014-01-30T15:00:02.890184 #54349]  INFO -- : 0:  activerecord (3.2.16) from /Users/agupta13/.rvm/gems/ruby-1.9.3-p484/specifications/activerecord-3.2.16.gemspec
I, [2014-01-30T15:00:02.890457 #54349]  INFO -- : 0:  bson (1.9.2) from /Users/agupta13/.rvm/gems/ruby-1.9.3-p484/specifications/bson-1.9.2.gemspec
E, [2014-01-30T15:08:28.944441 #54349] ERROR -- : Gem::RemoteFetcher::FetchError: Errno::ETIMEDOUT: Operation timed out - connect(2) (https://rubygems.org/gems/bson_ext-1.9.2.gem)
/Users/agupta13/.rvm/rubies/ruby-1.9.3-p484/lib/ruby/1.9.1/rubygems/remote_fetcher.rb:246:in `rescue in fetch_path'  \n/Users/agupta13/.rvm/rubies/ruby-1.9.3-p484/lib/ruby/1.9.1/rubygems/remote_fetcher.rb:232:in `fetch_path'  \n/Users/agupta13/.rvm/rubies/ruby-1.9.3-p484/lib/ruby/1.9.1/rubygems/remote_fetcher.rb:135:in `download'  \n/Users/agupta13/.rvm/gems/ruby-1.9.3-p484/gems/bundler-1.5.1/lib/bundler/rubygems_integration.rb:190:in `download_gem'  \n/Users/agupta13/.rvm/gems/ruby-1.9.3-p484/gems/bundler-1.5.1/lib/bundler/fetcher.rb:41:in `download_gem_from_uri'  \n/Users/agupta13/.rvm/gems/ruby-1.9.3-p484/gems/bundler-1.5.1/lib/bundler/source/rubygems.rb:78:in `install'  \n/Users/agupta13/.rvm/gems/ruby-1.9.3-p484/gems/bundler-1.5.1/lib/bundler/installer.rb:111:in `block in install_gem_from_spec'  \n/Users/agupta13/.rvm/gems/ruby-1.9.3-p484/gems/bundler-1.5.1/lib/bundler/rubygems_integration.rb:150:in `with_build_args'  \n/Users/agupta13/.rvm/gems/ruby-1.9.3-p484/gems/bundler-1.5.1/lib/bundler/installer.rb:110:in `install_gem_from_spec'  \n/Users/agupta13/.rvm/gems/ruby-1.9.3-p484/gems/bundler-1.5.1/lib/bundler/installer.rb:295:in `block in install_sequentially'  \n/Users/agupta13/.rvm/rubies/ruby-1.9.3-p484/lib/ruby/1.9.1/forwardable.rb:201:in `each'  \n/Users/agupta13/.rvm/rubies/ruby-1.9.3-p484/lib/ruby/1.9.1/forwardable.rb:201:in `each'  \n/Users/agupta13/.rvm/gems/ruby-1.9.3-p484/gems/bundler-1.5.1/lib/bundler/installer.rb:294:in `install_sequentially'  \n/Users/agupta13/.rvm/gems/ruby-1.9.3-p484/gems/bundler-1.5.1/lib/bundler/installer.rb:97:in `run'  \n/Users/agupta13/.rvm/gems/ruby-1.9.3-p484/gems/bundler-1.5.1/lib/bundler/installer.rb:15:in `install'  \n/Users/agupta13/.rvm/gems/ruby-1.9.3-p484/gems/bundler-1.5.1/lib/bundler/cli.rb:257:in `install'  \n/Users/agupta13/.rvm/gems/ruby-1.9.3-p484/gems/bundler-1.5.1/lib/bundler/vendor/thor/command.rb:27:in `run'  \n/Users/agupta13/.rvm/gems/ruby-1.9.3-p484/gems/bundler-1.5.1/lib/bundler/vendor/thor/invocation.rb:120:in `invoke_command'  \n/Users/agupta13/.rvm/gems/ruby-1.9.3-p484/gems/bundler-1.5.1/lib/bundler/vendor/thor.rb:363:in `dispatch'  \n/Users/agupta13/.rvm/gems/ruby-1.9.3-p484/gems/bundler-1.5.1/lib/bundler/vendor/thor/base.rb:438:in `start'  \n/Users/agupta13/.rvm/gems/ruby-1.9.3-p484/gems/bundler-1.5.1/lib/bundler/cli.rb:10:in `start'  \n/Users/agupta13/.rvm/gems/ruby-1.9.3-p484/gems/bundler-1.5.1/bin/bundle:22:in `block in <top (required)>'  \n/Users/agupta13/.rvm/gems/ruby-1.9.3-p484/gems/bundler-1.5.1/lib/bundler/friendly_errors.rb:5:in `with_friendly_errors'  \n/Users/agupta13/.rvm/gems/ruby-1.9.3-p484/gems/bundler-1.5.1/bin/bundle:22:in `<top (required)>'  \n/Users/agupta13/.rvm/gems/ruby-1.9.3-p484/bin/bundle:19:in `load'  \n/Users/agupta13/.rvm/gems/ruby-1.9.3-p484/bin/bundle:19:in `<main>'  \n/Users/agupta13/.rvm/gems/ruby-1.9.3-p484/bin/ruby_executable_hooks:15:in `eval'  \n/Users/agupta13/.rvm/gems/ruby-1.9.3-p484/bin/ruby_executable_hooks:15:in `<main>'
I, [2014-01-30T15:21:33.833613 #54623]  INFO -- : 0:  rake (10.1.1) from /Users/agupta13/.rvm/gems/ruby-1.9.3-p484/specifications/rake-10.1.1.gemspec
I, [2014-01-30T15:21:33.834032 #54623]  INFO -- : 0:  i18n (0.6.9) from /Users/agupta13/.rvm/gems/ruby-1.9.3-p484/specifications/i18n-0.6.9.gemspec
I, [2014-01-30T15:21:33.834334 #54623]  INFO -- : 0:  multi_json (1.8.4) from /Users/agupta13/.rvm/gems/ruby-1.9.3-p484/specifications/multi_json-1.8.4.gemspec
I, [2014-01-30T15:21:33.834620 #54623]  INFO -- : 0:  activesupport (3.2.16) from /Users/agupta13/.rvm/gems/ruby-1.9.3-p484/specifications/activesupport-3.2.16.gemspec
I, [2014-01-30T15:21:33.834905 #54623]  INFO -- : 0:  builder (3.0.4) from /Users/agupta13/.rvm/gems/ruby-1.9.3-p484/specifications/builder-3.0.4.gemspec
I, [2014-01-30T15:21:33.835188 #54623]  INFO -- : 0:  activemodel (3.2.16) from /Users/agupta13/.rvm/gems/ruby-1.9.3-p484/specifications/activemodel-3.2.16.gemspec
I, [2014-01-30T15:21:33.835480 #54623]  INFO -- : 0:  arel (3.0.3) from /Users/agupta13/.rvm/gems/ruby-1.9.3-p484/specifications/arel-3.0.3.gemspec
I, [2014-01-30T15:21:33.835755 #54623]  INFO -- : 0:  tzinfo (0.3.38) from /Users/agupta13/.rvm/gems/ruby-1.9.3-p484/specifications/tzinfo-0.3.38.gemspec
I, [2014-01-30T15:21:33.836041 #54623]  INFO -- : 0:  activerecord (3.2.16) from /Users/agupta13/.rvm/gems/ruby-1.9.3-p484/specifications/activerecord-3.2.16.gemspec
I, [2014-01-30T15:21:33.836317 #54623]  INFO -- : 0:  bson (1.9.2) from /Users/agupta13/.rvm/gems/ruby-1.9.3-p484/specifications/bson-1.9.2.gemspec
I, [2014-01-30T15:21:33.836592 #54623]  INFO -- : 0:  daemons (1.1.9) from /Users/agupta13/.rvm/gems/ruby-1.9.3-p484/specifications/daemons-1.1.9.gemspec
I, [2014-01-30T15:21:33.836865 #54623]  INFO -- : 0:  eventmachine (1.0.3) from /Users/agupta13/.rvm/gems/ruby-1.9.3-p484/specifications/eventmachine-1.0.3.gemspec
I, [2014-01-30T15:21:33.837138 #54623]  INFO -- : 0:  rack (1.5.2) from /Users/agupta13/.rvm/gems/ruby-1.9.3-p484/specifications/rack-1.5.2.gemspec
I, [2014-01-30T15:21:33.837412 #54623]  INFO -- : 0:  url_mount (0.2.1) from /Users/agupta13/.rvm/gems/ruby-1.9.3-p484/specifications/url_mount-0.2.1.gemspec
I, [2014-01-30T15:21:33.837686 #54623]  INFO -- : 0:  http_router (0.11.0) from /Users/agupta13/.rvm/gems/ruby-1.9.3-p484/specifications/http_router-0.11.0.gemspec
I, [2014-01-30T15:21:33.837962 #54623]  INFO -- : 0:  mime-types (1.25.1) from /Users/agupta13/.rvm/gems/ruby-1.9.3-p484/specifications/mime-types-1.25.1.gemspec
I, [2014-01-30T15:21:33.838233 #54623]  INFO -- : 0:  polyglot (0.3.3) from /Users/agupta13/.rvm/gems/ruby-1.9.3-p484/specifications/polyglot-0.3.3.gemspec
I, [2014-01-30T15:21:33.838507 #54623]  INFO -- : 0:  treetop (1.4.15) from /Users/agupta13/.rvm/gems/ruby-1.9.3-p484/specifications/treetop-1.4.15.gemspec
I, [2014-01-30T15:21:33.838787 #54623]  INFO -- : 0:  mail (2.5.4) from /Users/agupta13/.rvm/gems/ruby-1.9.3-p484/specifications/mail-2.5.4.gemspec
I, [2014-01-30T15:21:33.839061 #54623]  INFO -- : 0:  mongo (1.9.2) from /Users/agupta13/.rvm/gems/ruby-1.9.3-p484/specifications/mongo-1.9.2.gemspec
I, [2014-01-30T15:21:33.839351 #54623]  INFO -- : 0:  mysql2 (0.3.15) from /Users/agupta13/.rvm/gems/ruby-1.9.3-p484/specifications/mysql2-0.3.15.gemspec
I, [2014-01-30T15:21:33.839627 #54623]  INFO -- : 0:  rack-protection (1.5.2) from /Users/agupta13/.rvm/gems/ruby-1.9.3-p484/specifications/rack-protection-1.5.2.gemspec
I, [2014-01-30T15:21:33.839899 #54623]  INFO -- : 0:  tilt (1.4.1) from /Users/agupta13/.rvm/gems/ruby-1.9.3-p484/specifications/tilt-1.4.1.gemspec
I, [2014-01-30T15:21:33.840172 #54623]  INFO -- : 0:  sinatra (1.4.4) from /Users/agupta13/.rvm/gems/ruby-1.9.3-p484/specifications/sinatra-1.4.4.gemspec
I, [2014-01-30T15:21:33.840449 #54623]  INFO -- : 0:  thor (0.17.0) from /Users/agupta13/.rvm/gems/ruby-1.9.3-p484/specifications/thor-0.17.0.gemspec
I, [2014-01-30T15:21:33.840720 #54623]  INFO -- : 0:  padrino-core (0.11.4) from /Users/agupta13/.rvm/gems/ruby-1.9.3-p484/specifications/padrino-core-0.11.4.gemspec
I, [2014-01-30T15:21:33.840992 #54623]  INFO -- : 0:  padrino-helpers (0.11.4) from /Users/agupta13/.rvm/gems/ruby-1.9.3-p484/specifications/padrino-helpers-0.11.4.gemspec
I, [2014-01-30T15:21:33.844454 #54623]  INFO -- : 0:  padrino-admin (0.11.4) from /Users/agupta13/.rvm/gems/ruby-1.9.3-p484/specifications/padrino-admin-0.11.4.gemspec
I, [2014-01-30T15:21:33.844832 #54623]  INFO -- : 0:  padrino-cache (0.11.4) from /Users/agupta13/.rvm/gems/ruby-1.9.3-p484/specifications/padrino-cache-0.11.4.gemspec
I, [2014-01-30T15:21:33.845121 #54623]  INFO -- : 0:  bundler (1.5.1) from /Users/agupta13/.rvm/gems/ruby-1.9.3-p484/specifications/bundler-1.5.1.gemspec
I, [2014-01-30T15:21:33.845408 #54623]  INFO -- : 0:  padrino-gen (0.11.4) from /Users/agupta13/.rvm/gems/ruby-1.9.3-p484/specifications/padrino-gen-0.11.4.gemspec
I, [2014-01-30T15:21:33.845685 #54623]  INFO -- : 0:  padrino-mailer (0.11.4) from /Users/agupta13/.rvm/gems/ruby-1.9.3-p484/specifications/padrino-mailer-0.11.4.gemspec
I, [2014-01-30T15:21:33.845958 #54623]  INFO -- : 0:  padrino (0.11.4) from /Users/agupta13/.rvm/gems/ruby-1.9.3-p484/specifications/padrino-0.11.4.gemspec
I, [2014-01-30T15:21:33.846230 #54623]  INFO -- : 0:  rest-client (1.6.7) from /Users/agupta13/.rvm/gems/ruby-1.9.3-p484/specifications/rest-client-1.6.7.gemspec
I, [2014-01-30T15:21:33.846503 #54623]  INFO -- : 0:  temple (0.6.7) from /Users/agupta13/.rvm/gems/ruby-1.9.3-p484/specifications/temple-0.6.7.gemspec
I, [2014-01-30T15:21:33.846776 #54623]  INFO -- : 0:  slim (2.0.2) from /Users/agupta13/.rvm/gems/ruby-1.9.3-p484/specifications/slim-2.0.2.gemspec
I, [2014-01-30T15:21:33.847050 #54623]  INFO -- : 0:  state_machine (1.2.0) from /Users/agupta13/.rvm/gems/ruby-1.9.3-p484/specifications/state_machine-1.2.0.gemspec
I, [2014-01-30T15:21:33.847343 #54623]  INFO -- : 0:  thin (1.6.1) from /Users/agupta13/.rvm/gems/ruby-1.9.3-p484/specifications/thin-1.6.1.gemspec
I, [2014-01-30T15:21:33.847616 #54623]  INFO -- : 0:  yajl-ruby (1.1.0) from /Users/agupta13/.rvm/gems/ruby-1.9.3-p484/specifications/yajl-ruby-1.1.0.gemspec
I, [2014-01-30T15:24:45.967613 #54722]  INFO -- : 0:  rake (10.1.1) from /Users/agupta13/.rvm/gems/ruby-1.9.3-p484/specifications/rake-10.1.1.gemspec
I, [2014-01-30T15:24:45.968041 #54722]  INFO -- : 0:  i18n (0.6.9) from /Users/agupta13/.rvm/gems/ruby-1.9.3-p484/specifications/i18n-0.6.9.gemspec
I, [2014-01-30T15:24:45.968345 #54722]  INFO -- : 0:  multi_json (1.8.4) from /Users/agupta13/.rvm/gems/ruby-1.9.3-p484/specifications/multi_json-1.8.4.gemspec
I, [2014-01-30T15:24:45.968634 #54722]  INFO -- : 0:  activesupport (3.2.16) from /Users/agupta13/.rvm/gems/ruby-1.9.3-p484/specifications/activesupport-3.2.16.gemspec
I, [2014-01-30T15:24:45.968918 #54722]  INFO -- : 0:  builder (3.0.4) from /Users/agupta13/.rvm/gems/ruby-1.9.3-p484/specifications/builder-3.0.4.gemspec
I, [2014-01-30T15:24:45.969199 #54722]  INFO -- : 0:  activemodel (3.2.16) from /Users/agupta13/.rvm/gems/ruby-1.9.3-p484/specifications/activemodel-3.2.16.gemspec
I, [2014-01-30T15:24:45.969485 #54722]  INFO -- : 0:  arel (3.0.3) from /Users/agupta13/.rvm/gems/ruby-1.9.3-p484/specifications/arel-3.0.3.gemspec
I, [2014-01-30T15:24:45.969776 #54722]  INFO -- : 0:  tzinfo (0.3.38) from /Users/agupta13/.rvm/gems/ruby-1.9.3-p484/specifications/tzinfo-0.3.38.gemspec
I, [2014-01-30T15:24:45.970056 #54722]  INFO -- : 0:  activerecord (3.2.16) from /Users/agupta13/.rvm/gems/ruby-1.9.3-p484/specifications/activerecord-3.2.16.gemspec
I, [2014-01-30T15:24:45.970328 #54722]  INFO -- : 0:  bson (1.9.2) from /Users/agupta13/.rvm/gems/ruby-1.9.3-p484/specifications/bson-1.9.2.gemspec
E, [2014-01-30T15:26:03.647907 #54722] ERROR -- : Gem::RemoteFetcher::FetchError: Errno::ETIMEDOUT: Operation timed out - connect(2) (https://rubygems.org/gems/bson_ext-1.9.2.gem)
/Users/agupta13/.rvm/rubies/ruby-1.9.3-p484/lib/ruby/1.9.1/rubygems/remote_fetcher.rb:246:in `rescue in fetch_path'  \n/Users/agupta13/.rvm/rubies/ruby-1.9.3-p484/lib/ruby/1.9.1/rubygems/remote_fetcher.rb:232:in `fetch_path'  \n/Users/agupta13/.rvm/rubies/ruby-1.9.3-p484/lib/ruby/1.9.1/rubygems/remote_fetcher.rb:135:in `download'  \n/Users/agupta13/.rvm/gems/ruby-1.9.3-p484/gems/bundler-1.5.1/lib/bundler/rubygems_integration.rb:190:in `download_gem'  \n/Users/agupta13/.rvm/gems/ruby-1.9.3-p484/gems/bundler-1.5.1/lib/bundler/fetcher.rb:41:in `download_gem_from_uri'  \n/Users/agupta13/.rvm/gems/ruby-1.9.3-p484/gems/bundler-1.5.1/lib/bundler/source/rubygems.rb:78:in `install'  \n/Users/agupta13/.rvm/gems/ruby-1.9.3-p484/gems/bundler-1.5.1/lib/bundler/installer.rb:111:in `block in install_gem_from_spec'  \n/Users/agupta13/.rvm/gems/ruby-1.9.3-p484/gems/bundler-1.5.1/lib/bundler/rubygems_integration.rb:150:in `with_build_args'  \n/Users/agupta13/.rvm/gems/ruby-1.9.3-p484/gems/bundler-1.5.1/lib/bundler/installer.rb:110:in `install_gem_from_spec'  \n/Users/agupta13/.rvm/gems/ruby-1.9.3-p484/gems/bundler-1.5.1/lib/bundler/installer.rb:295:in `block in install_sequentially'  \n/Users/agupta13/.rvm/rubies/ruby-1.9.3-p484/lib/ruby/1.9.1/forwardable.rb:201:in `each'  \n/Users/agupta13/.rvm/rubies/ruby-1.9.3-p484/lib/ruby/1.9.1/forwardable.rb:201:in `each'  \n/Users/agupta13/.rvm/gems/ruby-1.9.3-p484/gems/bundler-1.5.1/lib/bundler/installer.rb:294:in `install_sequentially'  \n/Users/agupta13/.rvm/gems/ruby-1.9.3-p484/gems/bundler-1.5.1/lib/bundler/installer.rb:97:in `run'  \n/Users/agupta13/.rvm/gems/ruby-1.9.3-p484/gems/bundler-1.5.1/lib/bundler/installer.rb:15:in `install'  \n/Users/agupta13/.rvm/gems/ruby-1.9.3-p484/gems/bundler-1.5.1/lib/bundler/cli.rb:257:in `install'  \n/Users/agupta13/.rvm/gems/ruby-1.9.3-p484/gems/bundler-1.5.1/lib/bundler/vendor/thor/command.rb:27:in `run'  \n/Users/agupta13/.rvm/gems/ruby-1.9.3-p484/gems/bundler-1.5.1/lib/bundler/vendor/thor/invocation.rb:120:in `invoke_command'  \n/Users/agupta13/.rvm/gems/ruby-1.9.3-p484/gems/bundler-1.5.1/lib/bundler/vendor/thor.rb:363:in `dispatch'  \n/Users/agupta13/.rvm/gems/ruby-1.9.3-p484/gems/bundler-1.5.1/lib/bundler/vendor/thor/base.rb:438:in `start'  \n/Users/agupta13/.rvm/gems/ruby-1.9.3-p484/gems/bundler-1.5.1/lib/bundler/cli.rb:10:in `start'  \n/Users/agupta13/.rvm/gems/ruby-1.9.3-p484/gems/bundler-1.5.1/bin/bundle:22:in `block in <top (required)>'  \n/Users/agupta13/.rvm/gems/ruby-1.9.3-p484/gems/bundler-1.5.1/lib/bundler/friendly_errors.rb:5:in `with_friendly_errors'  \n/Users/agupta13/.rvm/gems/ruby-1.9.3-p484/gems/bundler-1.5.1/bin/bundle:22:in `<top (required)>'  \n/Users/agupta13/.rvm/gems/ruby-1.9.3-p484/bin/bundle:19:in `load'  \n/Users/agupta13/.rvm/gems/ruby-1.9.3-p484/bin/bundle:19:in `<main>'  \n/Users/agupta13/.rvm/gems/ruby-1.9.3-p484/bin/ruby_executable_hooks:15:in `eval'  \n/Users/agupta13/.rvm/gems/ruby-1.9.3-p484/bin/ruby_executable_hooks:15:in `<main>'
I, [2014-01-30T15:26:22.055217 #54739]  INFO -- : 0:  rake (10.1.1) from /Users/agupta13/.rvm/gems/ruby-1.9.3-p484/specifications/rake-10.1.1.gemspec
I, [2014-01-30T15:26:22.055663 #54739]  INFO -- : 0:  i18n (0.6.9) from /Users/agupta13/.rvm/gems/ruby-1.9.3-p484/specifications/i18n-0.6.9.gemspec
I, [2014-01-30T15:26:22.055977 #54739]  INFO -- : 0:  multi_json (1.8.4) from /Users/agupta13/.rvm/gems/ruby-1.9.3-p484/specifications/multi_json-1.8.4.gemspec
I, [2014-01-30T15:26:22.056291 #54739]  INFO -- : 0:  activesupport (3.2.16) from /Users/agupta13/.rvm/gems/ruby-1.9.3-p484/specifications/activesupport-3.2.16.gemspec
I, [2014-01-30T15:26:22.056598 #54739]  INFO -- : 0:  builder (3.0.4) from /Users/agupta13/.rvm/gems/ruby-1.9.3-p484/specifications/builder-3.0.4.gemspec
I, [2014-01-30T15:26:22.056886 #54739]  INFO -- : 0:  activemodel (3.2.16) from /Users/agupta13/.rvm/gems/ruby-1.9.3-p484/specifications/activemodel-3.2.16.gemspec
I, [2014-01-30T15:26:22.057203 #54739]  INFO -- : 0:  arel (3.0.3) from /Users/agupta13/.rvm/gems/ruby-1.9.3-p484/specifications/arel-3.0.3.gemspec
I, [2014-01-30T15:26:22.057483 #54739]  INFO -- : 0:  tzinfo (0.3.38) from /Users/agupta13/.rvm/gems/ruby-1.9.3-p484/specifications/tzinfo-0.3.38.gemspec
I, [2014-01-30T15:26:22.057762 #54739]  INFO -- : 0:  activerecord (3.2.16) from /Users/agupta13/.rvm/gems/ruby-1.9.3-p484/specifications/activerecord-3.2.16.gemspec
I, [2014-01-30T15:26:22.058036 #54739]  INFO -- : 0:  bson (1.9.2) from /Users/agupta13/.rvm/gems/ruby-1.9.3-p484/specifications/bson-1.9.2.gemspec
I, [2014-01-30T15:26:22.058312 #54739]  INFO -- : 0:  daemons (1.1.9) from /Users/agupta13/.rvm/gems/ruby-1.9.3-p484/specifications/daemons-1.1.9.gemspec
I, [2014-01-30T15:26:22.058588 #54739]  INFO -- : 0:  eventmachine (1.0.3) from /Users/agupta13/.rvm/gems/ruby-1.9.3-p484/specifications/eventmachine-1.0.3.gemspec
I, [2014-01-30T15:26:22.058862 #54739]  INFO -- : 0:  rack (1.5.2) from /Users/agupta13/.rvm/gems/ruby-1.9.3-p484/specifications/rack-1.5.2.gemspec
I, [2014-01-30T15:26:22.059137 #54739]  INFO -- : 0:  url_mount (0.2.1) from /Users/agupta13/.rvm/gems/ruby-1.9.3-p484/specifications/url_mount-0.2.1.gemspec
I, [2014-01-30T15:26:22.059414 #54739]  INFO -- : 0:  http_router (0.11.0) from /Users/agupta13/.rvm/gems/ruby-1.9.3-p484/specifications/http_router-0.11.0.gemspec
I, [2014-01-30T15:26:22.059689 #54739]  INFO -- : 0:  mime-types (1.25.1) from /Users/agupta13/.rvm/gems/ruby-1.9.3-p484/specifications/mime-types-1.25.1.gemspec
I, [2014-01-30T15:26:22.059973 #54739]  INFO -- : 0:  polyglot (0.3.3) from /Users/agupta13/.rvm/gems/ruby-1.9.3-p484/specifications/polyglot-0.3.3.gemspec
I, [2014-01-30T15:26:22.060247 #54739]  INFO -- : 0:  treetop (1.4.15) from /Users/agupta13/.rvm/gems/ruby-1.9.3-p484/specifications/treetop-1.4.15.gemspec
I, [2014-01-30T15:26:22.060517 #54739]  INFO -- : 0:  mail (2.5.4) from /Users/agupta13/.rvm/gems/ruby-1.9.3-p484/specifications/mail-2.5.4.gemspec
I, [2014-01-30T15:26:22.060788 #54739]  INFO -- : 0:  mongo (1.9.2) from /Users/agupta13/.rvm/gems/ruby-1.9.3-p484/specifications/mongo-1.9.2.gemspec
I, [2014-01-30T15:26:22.061062 #54739]  INFO -- : 0:  mysql2 (0.3.15) from /Users/agupta13/.rvm/gems/ruby-1.9.3-p484/specifications/mysql2-0.3.15.gemspec
I, [2014-01-30T15:26:22.061338 #54739]  INFO -- : 0:  rack-protection (1.5.2) from /Users/agupta13/.rvm/gems/ruby-1.9.3-p484/specifications/rack-protection-1.5.2.gemspec
I, [2014-01-30T15:26:22.061611 #54739]  INFO -- : 0:  tilt (1.4.1) from /Users/agupta13/.rvm/gems/ruby-1.9.3-p484/specifications/tilt-1.4.1.gemspec
I, [2014-01-30T15:26:22.061885 #54739]  INFO -- : 0:  sinatra (1.4.4) from /Users/agupta13/.rvm/gems/ruby-1.9.3-p484/specifications/sinatra-1.4.4.gemspec
I, [2014-01-30T15:26:22.062160 #54739]  INFO -- : 0:  thor (0.17.0) from /Users/agupta13/.rvm/gems/ruby-1.9.3-p484/specifications/thor-0.17.0.gemspec
I, [2014-01-30T15:26:22.062434 #54739]  INFO -- : 0:  padrino-core (0.11.4) from /Users/agupta13/.rvm/gems/ruby-1.9.3-p484/specifications/padrino-core-0.11.4.gemspec
I, [2014-01-30T15:26:22.062706 #54739]  INFO -- : 0:  padrino-helpers (0.11.4) from /Users/agupta13/.rvm/gems/ruby-1.9.3-p484/specifications/padrino-helpers-0.11.4.gemspec
I, [2014-01-30T15:26:22.066272 #54739]  INFO -- : 0:  padrino-admin (0.11.4) from /Users/agupta13/.rvm/gems/ruby-1.9.3-p484/specifications/padrino-admin-0.11.4.gemspec
I, [2014-01-30T15:26:22.066558 #54739]  INFO -- : 0:  padrino-cache (0.11.4) from /Users/agupta13/.rvm/gems/ruby-1.9.3-p484/specifications/padrino-cache-0.11.4.gemspec
I, [2014-01-30T15:26:22.066849 #54739]  INFO -- : 0:  bundler (1.5.1) from /Users/agupta13/.rvm/gems/ruby-1.9.3-p484/specifications/bundler-1.5.1.gemspec
I, [2014-01-30T15:26:22.067126 #54739]  INFO -- : 0:  padrino-gen (0.11.4) from /Users/agupta13/.rvm/gems/ruby-1.9.3-p484/specifications/padrino-gen-0.11.4.gemspec
I, [2014-01-30T15:26:22.067400 #54739]  INFO -- : 0:  padrino-mailer (0.11.4) from /Users/agupta13/.rvm/gems/ruby-1.9.3-p484/specifications/padrino-mailer-0.11.4.gemspec
I, [2014-01-30T15:26:22.067674 #54739]  INFO -- : 0:  padrino (0.11.4) from /Users/agupta13/.rvm/gems/ruby-1.9.3-p484/specifications/padrino-0.11.4.gemspec
I, [2014-01-30T15:26:22.067945 #54739]  INFO -- : 0:  rest-client (1.6.7) from /Users/agupta13/.rvm/gems/ruby-1.9.3-p484/specifications/rest-client-1.6.7.gemspec
I, [2014-01-30T15:26:22.068217 #54739]  INFO -- : 0:  temple (0.6.7) from /Users/agupta13/.rvm/gems/ruby-1.9.3-p484/specifications/temple-0.6.7.gemspec
I, [2014-01-30T15:26:22.068485 #54739]  INFO -- : 0:  slim (2.0.2) from /Users/agupta13/.rvm/gems/ruby-1.9.3-p484/specifications/slim-2.0.2.gemspec
I, [2014-01-30T15:26:22.068775 #54739]  INFO -- : 0:  state_machine (1.2.0) from /Users/agupta13/.rvm/gems/ruby-1.9.3-p484/specifications/state_machine-1.2.0.gemspec
I, [2014-01-30T15:26:22.069046 #54739]  INFO -- : 0:  thin (1.6.1) from /Users/agupta13/.rvm/gems/ruby-1.9.3-p484/specifications/thin-1.6.1.gemspec
I, [2014-01-30T15:26:22.069317 #54739]  INFO -- : 0:  yajl-ruby (1.1.0) from /Users/agupta13/.rvm/gems/ruby-1.9.3-p484/specifications/yajl-ruby-1.1.0.gemspec
I, [2014-01-30T15:52:18.843118 #55518]  INFO -- : 0:  rake (10.1.1) from /Users/agupta13/.rvm/gems/ruby-1.9.3-p484/specifications/rake-10.1.1.gemspec
I, [2014-01-30T15:52:18.843544 #55518]  INFO -- : 0:  i18n (0.6.9) from /Users/agupta13/.rvm/gems/ruby-1.9.3-p484/specifications/i18n-0.6.9.gemspec
I, [2014-01-30T15:52:18.843839 #55518]  INFO -- : 0:  multi_json (1.8.4) from /Users/agupta13/.rvm/gems/ruby-1.9.3-p484/specifications/multi_json-1.8.4.gemspec
I, [2014-01-30T15:52:18.844121 #55518]  INFO -- : 0:  activesupport (3.2.16) from /Users/agupta13/.rvm/gems/ruby-1.9.3-p484/specifications/activesupport-3.2.16.gemspec
I, [2014-01-30T15:52:18.844392 #55518]  INFO -- : 0:  builder (3.0.4) from /Users/agupta13/.rvm/gems/ruby-1.9.3-p484/specifications/builder-3.0.4.gemspec
I, [2014-01-30T15:52:18.844671 #55518]  INFO -- : 0:  activemodel (3.2.16) from /Users/agupta13/.rvm/gems/ruby-1.9.3-p484/specifications/activemodel-3.2.16.gemspec
I, [2014-01-30T15:52:18.844950 #55518]  INFO -- : 0:  arel (3.0.3) from /Users/agupta13/.rvm/gems/ruby-1.9.3-p484/specifications/arel-3.0.3.gemspec
I, [2014-01-30T15:52:18.845214 #55518]  INFO -- : 0:  tzinfo (0.3.38) from /Users/agupta13/.rvm/gems/ruby-1.9.3-p484/specifications/tzinfo-0.3.38.gemspec
I, [2014-01-30T15:52:18.845491 #55518]  INFO -- : 0:  activerecord (3.2.16) from /Users/agupta13/.rvm/gems/ruby-1.9.3-p484/specifications/activerecord-3.2.16.gemspec
I, [2014-01-30T15:52:21.811394 #55518]  INFO -- : 0:  activerecord-alt-mongo-adapter (0.1.0) from /Users/agupta13/.rvm/gems/ruby-1.9.3-p484/specifications/activerecord-alt-mongo-adapter-0.1.0.gemspec
I, [2014-01-30T15:52:21.811795 #55518]  INFO -- : 0:  bson (1.9.2) from /Users/agupta13/.rvm/gems/ruby-1.9.3-p484/specifications/bson-1.9.2.gemspec
I, [2014-01-30T15:52:21.812065 #55518]  INFO -- : 0:  bundler (1.5.1) from /Users/agupta13/.rvm/gems/ruby-1.9.3-p484/specifications/bundler-1.5.1.gemspec
I, [2014-01-30T15:52:21.812333 #55518]  INFO -- : 0:  daemons (1.1.9) from /Users/agupta13/.rvm/gems/ruby-1.9.3-p484/specifications/daemons-1.1.9.gemspec
I, [2014-01-30T15:52:21.812598 #55518]  INFO -- : 0:  eventmachine (1.0.3) from /Users/agupta13/.rvm/gems/ruby-1.9.3-p484/specifications/eventmachine-1.0.3.gemspec
I, [2014-01-30T15:52:21.812860 #55518]  INFO -- : 0:  rack (1.5.2) from /Users/agupta13/.rvm/gems/ruby-1.9.3-p484/specifications/rack-1.5.2.gemspec
I, [2014-01-30T15:52:21.813123 #55518]  INFO -- : 0:  url_mount (0.2.1) from /Users/agupta13/.rvm/gems/ruby-1.9.3-p484/specifications/url_mount-0.2.1.gemspec
I, [2014-01-30T15:52:21.813397 #55518]  INFO -- : 0:  http_router (0.11.0) from /Users/agupta13/.rvm/gems/ruby-1.9.3-p484/specifications/http_router-0.11.0.gemspec
I, [2014-01-30T15:52:21.813661 #55518]  INFO -- : 0:  mime-types (1.25.1) from /Users/agupta13/.rvm/gems/ruby-1.9.3-p484/specifications/mime-types-1.25.1.gemspec
I, [2014-01-30T15:52:21.813920 #55518]  INFO -- : 0:  polyglot (0.3.3) from /Users/agupta13/.rvm/gems/ruby-1.9.3-p484/specifications/polyglot-0.3.3.gemspec
I, [2014-01-30T15:52:21.814182 #55518]  INFO -- : 0:  treetop (1.4.15) from /Users/agupta13/.rvm/gems/ruby-1.9.3-p484/specifications/treetop-1.4.15.gemspec
I, [2014-01-30T15:52:21.814441 #55518]  INFO -- : 0:  mail (2.5.4) from /Users/agupta13/.rvm/gems/ruby-1.9.3-p484/specifications/mail-2.5.4.gemspec
I, [2014-01-30T15:52:21.814700 #55518]  INFO -- : 0:  mongo (1.9.2) from /Users/agupta13/.rvm/gems/ruby-1.9.3-p484/specifications/mongo-1.9.2.gemspec
I, [2014-01-30T15:52:21.814962 #55518]  INFO -- : 0:  rack-protection (1.5.2) from /Users/agupta13/.rvm/gems/ruby-1.9.3-p484/specifications/rack-protection-1.5.2.gemspec
I, [2014-01-30T15:52:21.815219 #55518]  INFO -- : 0:  tilt (1.4.1) from /Users/agupta13/.rvm/gems/ruby-1.9.3-p484/specifications/tilt-1.4.1.gemspec
I, [2014-01-30T15:52:21.815476 #55518]  INFO -- : 0:  sinatra (1.4.4) from /Users/agupta13/.rvm/gems/ruby-1.9.3-p484/specifications/sinatra-1.4.4.gemspec
I, [2014-01-30T15:52:21.815767 #55518]  INFO -- : 0:  thor (0.17.0) from /Users/agupta13/.rvm/gems/ruby-1.9.3-p484/specifications/thor-0.17.0.gemspec
I, [2014-01-30T15:52:21.816037 #55518]  INFO -- : 0:  padrino-core (0.11.4) from /Users/agupta13/.rvm/gems/ruby-1.9.3-p484/specifications/padrino-core-0.11.4.gemspec
I, [2014-01-30T15:52:21.816307 #55518]  INFO -- : 0:  padrino-helpers (0.11.4) from /Users/agupta13/.rvm/gems/ruby-1.9.3-p484/specifications/padrino-helpers-0.11.4.gemspec
I, [2014-01-30T15:52:21.816610 #55518]  INFO -- : 0:  padrino-admin (0.11.4) from /Users/agupta13/.rvm/gems/ruby-1.9.3-p484/specifications/padrino-admin-0.11.4.gemspec
I, [2014-01-30T15:52:21.816880 #55518]  INFO -- : 0:  padrino-cache (0.11.4) from /Users/agupta13/.rvm/gems/ruby-1.9.3-p484/specifications/padrino-cache-0.11.4.gemspec
I, [2014-01-30T15:52:21.817149 #55518]  INFO -- : 0:  padrino-gen (0.11.4) from /Users/agupta13/.rvm/gems/ruby-1.9.3-p484/specifications/padrino-gen-0.11.4.gemspec
I, [2014-01-30T15:52:21.817419 #55518]  INFO -- : 0:  padrino-mailer (0.11.4) from /Users/agupta13/.rvm/gems/ruby-1.9.3-p484/specifications/padrino-mailer-0.11.4.gemspec
I, [2014-01-30T15:52:21.817687 #55518]  INFO -- : 0:  padrino (0.11.4) from /Users/agupta13/.rvm/gems/ruby-1.9.3-p484/specifications/padrino-0.11.4.gemspec
I, [2014-01-30T15:52:21.817961 #55518]  INFO -- : 0:  rest-client (1.6.7) from /Users/agupta13/.rvm/gems/ruby-1.9.3-p484/specifications/rest-client-1.6.7.gemspec
I, [2014-01-30T15:52:21.818229 #55518]  INFO -- : 0:  temple (0.6.7) from /Users/agupta13/.rvm/gems/ruby-1.9.3-p484/specifications/temple-0.6.7.gemspec
I, [2014-01-30T15:52:21.818497 #55518]  INFO -- : 0:  slim (2.0.2) from /Users/agupta13/.rvm/gems/ruby-1.9.3-p484/specifications/slim-2.0.2.gemspec
I, [2014-01-30T15:52:21.818763 #55518]  INFO -- : 0:  state_machine (1.2.0) from /Users/agupta13/.rvm/gems/ruby-1.9.3-p484/specifications/state_machine-1.2.0.gemspec
I, [2014-01-30T15:52:21.819032 #55518]  INFO -- : 0:  thin (1.6.1) from /Users/agupta13/.rvm/gems/ruby-1.9.3-p484/specifications/thin-1.6.1.gemspec
I, [2014-01-30T15:52:21.819328 #55518]  INFO -- : 0:  yajl-ruby (1.1.0) from /Users/agupta13/.rvm/gems/ruby-1.9.3-p484/specifications/yajl-ruby-1.1.0.gemspec
